<?xml version="1.0" encoding="UTF-8"?>
<testsuite name="org.example.QueryStringsTest" tests="1" skipped="0" failures="0" errors="0" timestamp="2023-11-29T08:55:03" hostname="HOON" time="0.055">
  <properties/>
  <testcase name="createTest()" classname="org.example.QueryStringsTest" time="0.055"/>
  <system-out><![CDATA[]]></system-out>
  <system-err><![CDATA[]]></system-err>
</testsuite>
